Command: ninja flash
[1/11] Building C object esp-idf/main/CMakeFiles/__idf_main.dir/user/wifi/wifi_sta.c.obj
D:/ESP32/ESP32S3_LCD 7B_DEMO_3/ESP32-S3-Touch-LCD-7B-Demo/ESP32-S3-Touch-LCD-7B-Demo/ESP-IDF/16_LVGL_UI/main/user/wifi/wifi_sta.c: In function 'save_wifi_credentials':
D:/ESP32/ESP32S3_LCD 7B_DEMO_3/ESP32-S3-Touch-LCD-7B-Demo/ESP32-S3-Touch-LCD-7B-Demo/ESP-IDF/16_LVGL_UI/main/user/wifi/wifi_sta.c:79:10: warning: variable 'bssid_update' set but not used [-Wunused-but-set-variable]
   79 |     bool bssid_update = false;
      |          ^~~~~~~~~~~~
D:/ESP32/ESP32S3_LCD 7B_DEMO_3/ESP32-S3-Touch-LCD-7B-Demo/ESP32-S3-Touch-LCD-7B-Demo/ESP-IDF/16_LVGL_UI/main/user/wifi/wifi_sta.c:78:10: warning: variable 'pass_update' set but not used [-Wunused-but-set-variable]
   78 |     bool pass_update = false;
      |          ^~~~~~~~~~~
D:/ESP32/ESP32S3_LCD 7B_DEMO_3/ESP32-S3-Touch-LCD-7B-Demo/ESP32-S3-Touch-LCD-7B-Demo/ESP-IDF/16_LVGL_UI/main/user/wifi/wifi_sta.c:77:10: warning: variable 'ssid_update' set but not used [-Wunused-but-set-variable]
   77 |     bool ssid_update = false;
      |          ^~~~~~~~~~~
[2/11] Performing build step for 'bootloader'
[1/1] C:\WINDOWS\system32\cmd.exe /C "cd /D "D:\ESP32\ESP32S3_LCD 7B_DEMO_3\ESP32-S3-Touch-LCD-7B-Demo\ESP32-S3-Touch-LCD-7B-Demo\ESP-IDF\16_LVGL_UI\build\bootloader\esp-idf\esptool_py" && D:\ESP32_IDF\Espressif\python_env\idf5.5_py3.11_env\Scripts\python.exe D:/ESP32_IDF/Espressif/frameworks/esp-idf-v5.5/components/partition_table/check_sizes.py --offset 0x8000 bootloader 0x0 "D:/ESP32/ESP32S3_LCD 7B_DEMO_3/ESP32-S3-Touch-LCD-7B-Demo/ESP32-S3-Touch-LCD-7B-Demo/ESP-IDF/16_LVGL_UI/build/bootloader/bootloader.bin""
Bootloader binary size 0x5800 bytes. 0x2800 bytes (31%) free.
[3/11] No install step for 'bootloader'
[4/11] Completed 'bootloader'
[5/11] Building C object esp-idf/main/CMakeFiles/__idf_main.dir/user/wifi/wifi_scan.c.obj
D:/ESP32/ESP32S3_LCD 7B_DEMO_3/ESP32-S3-Touch-LCD-7B-Demo/ESP32-S3-Touch-LCD-7B-Demo/ESP-IDF/16_LVGL_UI/main/user/wifi/wifi_scan.c:50:13: warning: 'wifi_connected' initialized and declared 'extern'
   50 | extern bool wifi_connected = false;
      |             ^~~~~~~~~~~~~~
[6/11] Linking C static library esp-idf\main\libmain.a
[7/11] Generating esp-idf/esp_system/ld/sections.ld
[8/11] Linking CXX executable 16_LVGL_UI.elf
FAILED: 16_LVGL_UI.elf 
C:\WINDOWS\system32\cmd.exe /C "cd . && D:\ESP32_IDF\Espressif\tools\xtensa-esp-elf\esp-14.2.0_20241119\xtensa-esp-elf\bin\xtensa-esp32s3-elf-g++.exe -mlongcalls  -fno-builtin-memcpy -fno-builtin-memset -fno-builtin-bzero -fno-builtin-stpcpy -fno-builtin-strncpy -nostartfiles    -Wl,--cref -Wl,--defsym=IDF_TARGET_ESP32S3=0 "-Wl,--Map=D:/ESP32/ESP32S3_LCD 7B_DEMO_3/ESP32-S3-Touch-LCD-7B-Demo/ESP32-S3-Touch-LCD-7B-Demo/ESP-IDF/16_LVGL_UI/build/16_LVGL_UI.map" -Wl,--no-warn-rwx-segments -Wl,--orphan-handling=warn -fno-rtti -fno-lto -Wl,--gc-sections -Wl,--warn-common -T esp32s3.peripherals.ld -T esp32s3.rom.ld -T esp32s3.rom.api.ld -T esp32s3.rom.bt_funcs.ld -T esp32s3.rom.libgcc.ld -T esp32s3.rom.wdt.ld -T esp32s3.rom.version.ld -T esp32s3.rom.ble_cca.ld -T esp32s3.rom.ble_test.ld -T esp32s3.rom.libc.ld -T esp32s3.rom.newlib.ld -T memory.ld -T sections.ld @CMakeFiles\16_LVGL_UI.elf.rsp -o 16_LVGL_UI.elf && cd ."
D:/ESP32_IDF/Espressif/tools/xtensa-esp-elf/esp-14.2.0_20241119/xtensa-esp-elf/bin/../lib/gcc/xtensa-esp-elf/14.2.0/../../../../xtensa-esp-elf/bin/ld.exe: esp-idf/main/libmain.a(wifi_sta.c.obj):D:/ESP32/ESP32S3_LCD 7B_DEMO_3/ESP32-S3-Touch-LCD-7B-Demo/ESP32-S3-Touch-LCD-7B-Demo/ESP-IDF/16_LVGL_UI/main/user/wifi/wifi_sta.c:50: multiple definition of `wifi_connected'; esp-idf/main/libmain.a(wifi_scan.c.obj):D:/ESP32/ESP32S3_LCD 7B_DEMO_3/ESP32-S3-Touch-LCD-7B-Demo/ESP32-S3-Touch-LCD-7B-Demo/ESP-IDF/16_LVGL_UI/main/user/wifi/wifi_scan.c:50: first defined here
collect2.exe: error: ld returned 1 exit status
ninja: build stopped: subcommand failed.
